<?xml version="1.0" encoding="UTF-8"?>
<testsuite xmlns:xsi="http://www.w3.org/2001/XMLSchema-instance" xsi:noNamespaceSchemaLocation="https://maven.apache.org/surefire/maven-surefire-plugin/xsd/surefire-test-report.xsd" name="com.rplbo.utsnota.AppTest" time="0.04" tests="1" errors="0" skipped="0" failures="0">
  <properties>
    <property name="java.specification.version" value="17"/>
    <property name="sun.cpu.isalist" value="amd64"/>
    <property name="sun.jnu.encoding" value="Cp1252"/>
    <property name="java.class.path" value="D:\Kuliah\SEMESTER 5\RPL\TTS-71200616\Nota Jual Beli\target\test-classes;D:\Kuliah\SEMESTER 5\RPL\TTS-71200616\Nota Jual Beli\target\classes;C:\Users\Kesya D. Pongbala\.m2\repository\junit\junit\4.11\junit-4.11.jar;C:\Users\Kesya D. Pongbala\.m2\repository\org\hamcrest\hamcrest-core\1.3\hamcrest-core-1.3.jar;"/>
    <property name="java.vm.vendor" value="Oracle Corporation"/>
    <property name="sun.arch.data.model" value="64"/>
    <property name="user.variant" value=""/>
    <property name="java.vendor.url" value="https://java.oracle.com/"/>
    <property name="user.timezone" value="Asia/Jakarta"/>
    <property name="os.name" value="Windows 11"/>
    <property name="java.vm.specification.version" value="17"/>
    <property name="sun.java.launcher" value="SUN_STANDARD"/>
    <property name="user.country" value="US"/>
    <property name="sun.boot.library.path" value="C:\Users\Kesya D. Pongbala\Downloads\jdk-17_windows-x64_bin\jdk-17.0.2\bin"/>
    <property name="sun.java.command" value="C:\Users\KESYAD~1.PON\AppData\Local\Temp\surefire1505564746210642432\surefirebooter13785624795245429729.jar C:\Users\Kesya D. Pongbala\AppData\Local\Temp\surefire1505564746210642432 2022-10-24T09-35-11_805-jvmRun1 surefire15724005204909539284tmp surefire_07411798623408790284tmp"/>
    <property name="jdk.debug" value="release"/>
    <property name="surefire.test.class.path" value="D:\Kuliah\SEMESTER 5\RPL\TTS-71200616\Nota Jual Beli\target\test-classes;D:\Kuliah\SEMESTER 5\RPL\TTS-71200616\Nota Jual Beli\target\classes;C:\Users\Kesya D. Pongbala\.m2\repository\junit\junit\4.11\junit-4.11.jar;C:\Users\Kesya D. Pongbala\.m2\repository\org\hamcrest\hamcrest-core\1.3\hamcrest-core-1.3.jar;"/>
    <property name="sun.cpu.endian" value="little"/>
    <property name="user.home" value="C:\Users\Kesya D. Pongbala"/>
    <property name="user.language" value="en"/>
    <property name="java.specification.vendor" value="Oracle Corporation"/>
    <property name="java.version.date" value="2022-01-18"/>
    <property name="java.home" value="C:\Users\Kesya D. Pongbala\Downloads\jdk-17_windows-x64_bin\jdk-17.0.2"/>
    <property name="file.separator" value="\"/>
    <property name="basedir" value="D:\Kuliah\SEMESTER 5\RPL\TTS-71200616\Nota Jual Beli"/>
    <property name="java.vm.compressedOopsMode" value="32-bit"/>
    <property name="line.separator" value="&#10;"/>
    <property name="java.vm.specification.vendor" value="Oracle Corporation"/>
    <property name="java.specification.name" value="Java Platform API Specification"/>
    <property name="surefire.real.class.path" value="C:\Users\KESYAD~1.PON\AppData\Local\Temp\surefire1505564746210642432\surefirebooter13785624795245429729.jar"/>
    <property name="user.script" value=""/>
    <property name="sun.management.compiler" value="HotSpot 64-Bit Tiered Compilers"/>
    <property name="java.runtime.version" value="17.0.2+8-LTS-86"/>
    <property name="user.name" value="Kesya D. Pongbala"/>
    <property name="path.separator" value=";"/>
    <property name="os.version" value="10.0"/>
    <property name="java.runtime.name" value="Java(TM) SE Runtime Environment"/>
    <property name="file.encoding" value="Cp1252"/>
    <property name="java.vm.name" value="Java HotSpot(TM) 64-Bit Server VM"/>
    <property name="localRepository" value="C:\Users\Kesya D. Pongbala\.m2\repository"/>
    <property name="java.vendor.url.bug" value="https://bugreport.java.com/bugreport/"/>
    <property name="java.io.tmpdir" value="C:\Users\KESYAD~1.PON\AppData\Local\Temp\"/>
    <property name="idea.version" value="2021.3.3"/>
    <property name="java.version" value="17.0.2"/>
    <property name="user.dir" value="D:\Kuliah\SEMESTER 5\RPL\TTS-71200616\Nota Jual Beli"/>
    <property name="os.arch" value="amd64"/>
    <property name="java.vm.specification.name" value="Java Virtual Machine Specification"/>
    <property name="sun.os.patch.level" value=""/>
    <property name="native.encoding" value="Cp1252"/>
    <property name="java.library.path" value="C:\Users\Kesya D. Pongbala\Downloads\jdk-17_windows-x64_bin\jdk-17.0.2\bin;C:\WINDOWS\Sun\Java\bin;C:\WINDOWS\system32;C:\WINDOWS;C:\WINDOWS\system32;C:\WINDOWS;C:\WINDOWS\System32\Wbem;C:\WINDOWS\System32\WindowsPowerShell\v1.0\;C:\WINDOWS\System32\OpenSSH\;C:\Program Files\Python39;C:\Program Files\Git\cmd;C:\Users\Kesya D. Pongbala\Downloads\jdk-17_windows-x64_bin\jdk-17.0.2\bin;C:\Users\Kesya D. Pongbala\Downloads\apache-maven-3.8.4-bin\apache-maven-3.8.4\bin;C:\Program Files\IBM\SPSS\Statistics\25\JRE\bin;C:\Program Files (x86)\dotnet\;C:\Program Files\PuTTY\;C:\Program Files\MATLAB\R2022a\runtime\win64;C:\Program Files\MATLAB\R2022a\bin;C:\Users\Kesya D. Pongbala\AppData\Local\Microsoft\WindowsApps;C:\Users\Kesya D. Pongbala\AppData\Local\Programs\Microsoft VS Code\bin;C:\Users\Kesya D. Pongbala\AppData\Local\GitHubDesktop\bin;C:\ProgramData\Kesya D. Pongbala\GitHubDesktop\bin;;C:\Program Files\JetBrains\IntelliJ IDEA 2021.3.2\bin;;C:\Program Files\JetBrains\IntelliJ IDEA Community Edition 2021.3.3\bin;;."/>
    <property name="java.vm.info" value="mixed mode, sharing"/>
    <property name="java.vendor" value="Oracle Corporation"/>
    <property name="java.vm.version" value="17.0.2+8-LTS-86"/>
    <property name="sun.io.unicode.encoding" value="UnicodeLittle"/>
    <property name="java.class.version" value="61.0"/>
  </properties>
  <testcase name="shouldAnswerWithTrue" classname="com.rplbo.utsnota.AppTest" time="0.002"/>
</testsuite>